<?xml version="1.0" encoding="UTF-8"?>
<testng-results ignored="0" total="1" passed="0" failed="1" skipped="0">
  <reporter-output>
  </reporter-output>
  <suite started-at="2024-05-06T00:40:39 EDT" name="Default suite" finished-at="2024-05-06T00:41:00 EDT" duration-ms="21213">
    <groups>
    </groups>
    <test started-at="2024-05-06T00:40:39 EDT" name="Default test" finished-at="2024-05-06T00:41:00 EDT" duration-ms="21213">
      <class name="com.theScore.test.TheScoreTestForIOS">
        <test-method is-config="true" signature="setup()[pri:0, instance:com.theScore.test.TheScoreTestForIOS@8458f04]" started-at="2024-05-06T00:40:39 EDT" name="setup" finished-at="2024-05-06T00:40:43 EDT" duration-ms="3775" status="PASS">
          <reporter-output>
          </reporter-output>
        </test-method> <!-- setup -->
        <test-method signature="testApp()[pri:0, instance:com.theScore.test.TheScoreTestForIOS@8458f04]" started-at="2024-05-06T00:40:43 EDT" name="testApp" finished-at="2024-05-06T00:41:00 EDT" duration-ms="17361" status="FAIL">
          <exception class="org.openqa.selenium.NoSuchElementException">
            <message>
              <![CDATA[An element could not be located on the page using the given search parameters.
For documentation on this error, please visit: https://www.selenium.dev/documentation/webdriver/troubleshooting/errors#no-such-element-exception
Build info: version: '4.20.0', revision: '866c76ca80'
System info: os.name: 'Mac OS X', os.arch: 'x86_64', os.version: '14.4.1', java.version: '11.0.17'
Driver info: io.appium.java_client.ios.IOSDriver
Command: [fbb9caac-e7a9-4df7-9bd3-5695f7c6a316, findElement {using=xpath, value=//XCUIElementTypeButton[@label='MLB']}]
Capabilities {appium:automationName: xcuitest, appium:bundleId: iphone.thescore.com, appium:databaseEnabled: false, appium:deviceName: iPhone 12 Pro, appium:javascriptEnabled: true, appium:locationContextEnabled: false, appium:networkConnectionEnabled: false, appium:noReset: false, appium:platformVersion: 17.4, appium:takesScreenshot: true, appium:udid: 00008101-001C04991186001E, appium:webStorageEnabled: false, platformName: IOS}
Session ID: fbb9caac-e7a9-4df7-9bd3-5695f7c6a316]]>
            </message>
            <full-stacktrace>
              <![CDATA[org.openqa.selenium.NoSuchElementException: An element could not be located on the page using the given search parameters.
For documentation on this error, please visit: https://www.selenium.dev/documentation/webdriver/troubleshooting/errors#no-such-element-exception
Build info: version: '4.20.0', revision: '866c76ca80'
System info: os.name: 'Mac OS X', os.arch: 'x86_64', os.version: '14.4.1', java.version: '11.0.17'
Driver info: io.appium.java_client.ios.IOSDriver
Command: [fbb9caac-e7a9-4df7-9bd3-5695f7c6a316, findElement {using=xpath, value=//XCUIElementTypeButton[@label='MLB']}]
Capabilities {appium:automationName: xcuitest, appium:bundleId: iphone.thescore.com, appium:databaseEnabled: false, appium:deviceName: iPhone 12 Pro, appium:javascriptEnabled: true, appium:locationContextEnabled: false, appium:networkConnectionEnabled: false, appium:noReset: false, appium:platformVersion: 17.4, appium:takesScreenshot: true, appium:udid: 00008101-001C04991186001E, appium:webStorageEnabled: false, platformName: IOS}
Session ID: fbb9caac-e7a9-4df7-9bd3-5695f7c6a316
at java.base/jdk.internal.reflect.NativeConstructorAccessorImpl.newInstance0(Native Method)
at java.base/jdk.internal.reflect.NativeConstructorAccessorImpl.newInstance(NativeConstructorAccessorImpl.java:62)
at java.base/jdk.internal.reflect.DelegatingConstructorAccessorImpl.newInstance(DelegatingConstructorAccessorImpl.java:45)
at java.base/java.lang.reflect.Constructor.newInstance(Constructor.java:490)
at org.openqa.selenium.remote.ErrorCodec.decode(ErrorCodec.java:167)
at org.openqa.selenium.remote.codec.w3c.W3CHttpResponseCodec.decode(W3CHttpResponseCodec.java:138)
at org.openqa.selenium.remote.codec.w3c.W3CHttpResponseCodec.decode(W3CHttpResponseCodec.java:50)
at org.openqa.selenium.remote.HttpCommandExecutor.execute(HttpCommandExecutor.java:190)
at io.appium.java_client.remote.AppiumCommandExecutor.execute(AppiumCommandExecutor.java:237)
at org.openqa.selenium.remote.RemoteWebDriver.execute(RemoteWebDriver.java:518)
at org.openqa.selenium.remote.ElementLocation$ElementFinder$2.findElement(ElementLocation.java:165)
at org.openqa.selenium.remote.ElementLocation.findElement(ElementLocation.java:59)
at org.openqa.selenium.remote.RemoteWebDriver.findElement(RemoteWebDriver.java:355)
at org.openqa.selenium.remote.RemoteWebDriver.findElement(RemoteWebDriver.java:349)
at com.theScore.pages.ObjectRepository.clickOnSportTeam(ObjectRepository.java:87)
at com.theScore.test.TheScoreTestForIOS.testApp(TheScoreTestForIOS.java:16)
at java.base/jdk.internal.reflect.NativeMethodAccessorImpl.invoke0(Native Method)
at java.base/jdk.internal.reflect.NativeMethodAccessorImpl.invoke(NativeMethodAccessorImpl.java:62)
at java.base/jdk.internal.reflect.DelegatingMethodAccessorImpl.invoke(DelegatingMethodAccessorImpl.java:43)
at java.base/java.lang.reflect.Method.invoke(Method.java:566)
at org.testng.internal.invokers.MethodInvocationHelper.invokeMethod(MethodInvocationHelper.java:141)
at org.testng.internal.invokers.TestInvoker.invokeMethod(TestInvoker.java:686)
at org.testng.internal.invokers.TestInvoker.invokeTestMethod(TestInvoker.java:230)
at org.testng.internal.invokers.MethodRunner.runInSequence(MethodRunner.java:63)
at org.testng.internal.invokers.TestInvoker$MethodInvocationAgent.invoke(TestInvoker.java:992)
at org.testng.internal.invokers.TestInvoker.invokeTestMethods(TestInvoker.java:203)
at org.testng.internal.invokers.TestMethodWorker.invokeTestMethods(TestMethodWorker.java:154)
at org.testng.internal.invokers.TestMethodWorker.run(TestMethodWorker.java:134)
at java.base/java.util.ArrayList.forEach(ArrayList.java:1541)
at org.testng.TestRunner.privateRun(TestRunner.java:739)
at org.testng.TestRunner.run(TestRunner.java:614)
at org.testng.SuiteRunner.runTest(SuiteRunner.java:421)
at org.testng.SuiteRunner.runSequentially(SuiteRunner.java:413)
at org.testng.SuiteRunner.privateRun(SuiteRunner.java:373)
at org.testng.SuiteRunner.run(SuiteRunner.java:312)
at org.testng.SuiteRunnerWorker.runSuite(SuiteRunnerWorker.java:52)
at org.testng.SuiteRunnerWorker.run(SuiteRunnerWorker.java:95)
at org.testng.TestNG.runSuitesSequentially(TestNG.java:1274)
at org.testng.TestNG.runSuitesLocally(TestNG.java:1208)
at org.testng.TestNG.runSuites(TestNG.java:1112)
at org.testng.TestNG.run(TestNG.java:1079)
at org.testng.remote.AbstractRemoteTestNG.run(AbstractRemoteTestNG.java:115)
at org.testng.remote.RemoteTestNG.initAndRun(RemoteTestNG.java:293)
at org.testng.remote.RemoteTestNG.main(RemoteTestNG.java:91)
]]>
            </full-stacktrace>
          </exception> <!-- org.openqa.selenium.NoSuchElementException -->
          <reporter-output>
          </reporter-output>
        </test-method> <!-- testApp -->
      </class> <!-- com.theScore.test.TheScoreTestForIOS -->
    </test> <!-- Default test -->
  </suite> <!-- Default suite -->
</testng-results>
